<?xml version="1.0" encoding="UTF-8"?>
<!-- Generated by org.testng.reporters.JUnitXMLReporter -->
<testsuite hostname="Alis-MBP.lan" ignored="2" name="Default test" tests="1" failures="0" timestamp="21 Jan 2023 15:37:34 GMT" time="4.399" errors="0">
  <testcase name="verifyLoginSuccesfulWithValidCred" time="4.383" classname="com.automation.test.LoginTest"/>
  <testcase name="verifyLoginUnSuccesfulWithInBlankCred" time="0.0" classname="com.automation.test.LoginTest">
    <ignored/>
  </testcase> <!-- verifyLoginUnSuccesfulWithInBlankCred -->
  <testcase name="verifyLoginUnSuccesfulWithInValidCred" time="0.0" classname="com.automation.test.LoginTest">
    <ignored/>
  </testcase> <!-- verifyLoginUnSuccesfulWithInValidCred -->
</testsuite> <!-- Default test -->
