<?xml version="1.0" encoding="UTF-8"?>
<!-- Generated by org.testng.reporters.JUnitXMLReporter -->
<testsuite hostname="Alis-MBP.lan" ignored="6" name="Command line test" tests="3" failures="2" timestamp="21 Jan 2023 16:34:06 GMT" time="6.751" errors="0">
  <testcase name="addUserFunctionalityTest" time="0.0" classname="com.automation.test.AddUserTest">
    <failure type="java.lang.NullPointerException">
      <![CDATA[java.lang.NullPointerException
at com.automation.test.AddUserTest.addUserFunctionalityTest(AddUserTest.java:14)
... Removed 35 stack frames]]>
    </failure>
  </testcase> <!-- addUserFunctionalityTest -->
  <testcase name="verifyForgetPasswordIncorrectUser" time="6.734" classname="com.automation.test.ForgetPasswordTest"/>
  <testcase name="verifyLoginSuccesfulWithValidCred" time="0.0" classname="com.automation.test.LoginTest">
    <failure type="java.lang.NullPointerException">
      <![CDATA[java.lang.NullPointerException
at com.automation.test.LoginTest.verifyLoginSuccesfulWithValidCred(LoginTest.java:15)
... Removed 35 stack frames]]>
    </failure>
  </testcase> <!-- verifyLoginSuccesfulWithValidCred -->
  <testcase name="verifyLoginUnSuccesfulWithInBlankCred" time="0.0" classname="com.automation.test.LoginTest">
    <ignored/>
  </testcase> <!-- verifyLoginUnSuccesfulWithInBlankCred -->
  <testcase name="@AfterSuite cleanUp" time="0.0" classname="com.automation.test.BaseTest">
    <ignored/>
  </testcase> <!-- @AfterSuite cleanUp -->
  <testcase name="@AfterSuite cleanUp" time="0.0" classname="com.automation.test.BaseTest">
    <ignored/>
  </testcase> <!-- @AfterSuite cleanUp -->
  <testcase name="@BeforeSuite setUp" time="0.0" classname="com.automation.test.BaseTest">
    <ignored/>
  </testcase> <!-- @BeforeSuite setUp -->
  <testcase name="@BeforeSuite setUp" time="0.0" classname="com.automation.test.BaseTest">
    <ignored/>
  </testcase> <!-- @BeforeSuite setUp -->
  <testcase name="verifyLoginUnSuccesfulWithInValidCred" time="0.0" classname="com.automation.test.LoginTest">
    <ignored/>
  </testcase> <!-- verifyLoginUnSuccesfulWithInValidCred -->
</testsuite> <!-- Command line test -->
