<?xml version="1.0" encoding="UTF-8" ?>
<testsuite tests="3" failures="2" name="TestSuite" time="6.738" errors="0" skipped="0">
  <properties>
[...]
</properties>
  <testcase classname="com.automation.test.AddUserTest" name="addUserFunctionalityTest" time="0.004">
    <failure type="java.lang.NullPointerException">java.lang.NullPointerException
	at com.automation.test.AddUserTest.addUserFunctionalityTest(AddUserTest.java:14)
</failure>
    <system-out>Configuring TestNG with: org.apache.maven.surefire.testng.conf.TestNG652Configurator@68f7aae2
</system-out>
    <system-err>Starting ChromeDriver 109.0.5414.74 (e7c5703604daa9cc128ccf5a5d3e993513758913-refs/branch-heads/5414@{#1172}) on port 47982
Only local connections are allowed.
Please see https://chromedriver.chromium.org/security-considerations for suggestions on keeping ChromeDriver safe.
ChromeDriver was started successfully.
Jan 21, 2023 11:33:59 AM org.openqa.selenium.remote.ProtocolHandshake createSession
INFO: Detected dialect: W3C
</system-err>
  </testcase>
  <testcase classname="com.automation.test.ForgetPasswordTest" name="verifyForgetPasswordIncorrectUser" time="6.733"/>
  <testcase classname="com.automation.test.LoginTest" name="verifyLoginSuccesfulWithValidCred" time="0.001">
    <failure type="java.lang.NullPointerException">java.lang.NullPointerException
	at com.automation.test.LoginTest.verifyLoginSuccesfulWithValidCred(LoginTest.java:15)
</failure>
  </testcase>
</testsuite>