<?xml version="1.0" encoding="UTF-8"?>
<testng-results skipped="0" failed="0" ignored="2" total="3" passed="1">
  <reporter-output>
  </reporter-output>
  <suite name="Default suite" duration-ms="4399" started-at="2023-01-21T15:37:30Z" finished-at="2023-01-21T15:37:34Z">
    <groups>
      <group name="smoke">
        <method signature="LoginTest.verifyLoginSuccesfulWithValidCred()[pri:0, instance:com.automation.test.LoginTest@61230f6a]" name="verifyLoginSuccesfulWithValidCred" class="com.automation.test.LoginTest"/>
      </group> <!-- smoke -->
      <group name="chirag">
        <method signature="LoginTest.verifyLoginSuccesfulWithValidCred()[pri:0, instance:com.automation.test.LoginTest@61230f6a]" name="verifyLoginSuccesfulWithValidCred" class="com.automation.test.LoginTest"/>
      </group> <!-- chirag -->
    </groups>
    <test name="Default test" duration-ms="4399" started-at="2023-01-21T15:37:30Z" finished-at="2023-01-21T15:37:34Z">
      <class name="com.automation.test.LoginTest">
        <test-method status="PASS" signature="setUp()[pri:0, instance:com.automation.test.LoginTest@61230f6a]" name="setUp" is-config="true" duration-ms="2454" started-at="2023-01-21T15:37:27Z" finished-at="2023-01-21T15:37:30Z">
          <reporter-output>
          </reporter-output>
        </test-method> <!-- setUp -->
        <test-method status="PASS" signature="verifyLoginSuccesfulWithValidCred()[pri:0, instance:com.automation.test.LoginTest@61230f6a]" name="verifyLoginSuccesfulWithValidCred" duration-ms="4383" started-at="2023-01-21T15:37:30Z" finished-at="2023-01-21T15:37:34Z">
          <reporter-output>
          </reporter-output>
        </test-method> <!-- verifyLoginSuccesfulWithValidCred -->
        <test-method status="PASS" signature="cleanCookie()[pri:0, instance:com.automation.test.LoginTest@61230f6a]" name="cleanCookie" is-config="true" duration-ms="0" started-at="2023-01-21T15:37:30Z" finished-at="2023-01-21T15:37:30Z">
          <reporter-output>
          </reporter-output>
        </test-method> <!-- cleanCookie -->
        <test-method status="PASS" signature="cleanUp()[pri:0, instance:com.automation.test.LoginTest@61230f6a]" name="cleanUp" is-config="true" duration-ms="141" started-at="2023-01-21T15:37:34Z" finished-at="2023-01-21T15:37:34Z">
          <reporter-output>
          </reporter-output>
        </test-method> <!-- cleanUp -->
      </class> <!-- com.automation.test.LoginTest -->
    </test> <!-- Default test -->
  </suite> <!-- Default suite -->
</testng-results>
