<?xml version="1.0" encoding="UTF-8"?>
<!-- Generated by org.testng.reporters.JUnitXMLReporter -->
<testsuite hostname="Alis-MBP.lan" ignored="0" name="forgetPasswordTest" tests="3" failures="0" timestamp="04 Dec 2022 13:57:05 GMT" time="7.708" errors="0">
  <testcase name="verifyLoginSuccesfulWithValidCred" time="4.596" classname="com.maven.class1.LoginTest"/>
  <testcase name="verifyLoginUnSuccesfulWithInBlankCred" time="1.058" classname="com.maven.class1.LoginTest"/>
  <testcase name="verifyLoginUnSuccesfulWithInValidCred" time="1.993" classname="com.maven.class1.LoginTest"/>
</testsuite> <!-- forgetPasswordTest -->
